<?xml version="1.0" encoding="UTF-8"?>
<!-- Generated by org.testng.reporters.JUnitReportReporter -->
<testsuite hostname="Manoj-Yadav" failures="0" tests="1" name="com.project.staragile.insureme.TestNGStar" time="6.895" errors="0" timestamp="2023-11-19T15:43:12 IST" skipped="0">
  <testcase classname="com.project.staragile.insureme.TestNGStar" name="verifyPageContent" time="6.895"/>
  <system-out/>
</testsuite> <!-- com.project.staragile.insureme.TestNGStar -->
